# JRE version: Java(TM) SE Runtime Environment (8.0_20-b26) (build 1.8.0_20-b26)
# Java VM: Java HotSpot(TM) 64-Bit Server VM (25.20-b23 mixed mode windows-amd64 compressed oops)
Heap:
 PSYoungGen      total 178688K, used 104493K [0x00000000eab00000, 0x00000000f7080000, 0x0000000100000000)
  eden space 163328K, 63% used [0x00000000eab00000,0x00000000f110b5e0,0x00000000f4a80000)
  from space 15360K, 0% used [0x00000000f4a80000,0x00000000f4a80000,0x00000000f5980000)
  to   space 16384K, 0% used [0x00000000f6080000,0x00000000f6080000,0x00000000f7080000)
 ParOldGen       total 70144K, used 43165K [0x00000000c0000000, 0x00000000c4480000, 0x00000000eab00000)
  object space 70144K, 61% used [0x00000000c0000000,0x00000000c2a27638,0x00000000c4480000)
 Metaspace       used 49181K, capacity 50744K, committed 50856K, reserved 1093632K
  class space    used 6688K, capacity 7070K, committed 7080K, reserved 1048576K
GC Heap History (10 events):
Event: 39.760 GC heap before
{Heap before GC invocations=14 (full 2):
 PSYoungGen      total 129536K, used 4343K [0x00000000eab00000, 0x00000000f3700000, 0x0000000100000000)
  eden space 120832K, 0% used [0x00000000eab00000,0x00000000eab00000,0x00000000f2100000)
  from space 8704K, 49% used [0x00000000f2e80000,0x00000000f32bdfa8,0x00000000f3700000)
  to   space 11264K, 0% used [0x00000000f2100000,0x00000000f2100000,0x00000000f2c00000)
 ParOldGen       total 46080K, used 17875K [0x00000000c0000000, 0x00000000c2d00000, 0x00000000eab00000)
  object space 46080K, 38% used [0x00000000c0000000,0x00000000c1174e60,0x00000000c2d00000)
 Metaspace       used 34587K, capacity 35270K, committed 35496K, reserved 1079296K
  class space    used 4605K, capacity 4764K, committed 4776K, reserved 1048576K
Event: 39.942 GC heap after
Heap after GC invocations=14 (full 2):
 PSYoungGen      total 129536K, used 0K [0x00000000eab00000, 0x00000000f3700000, 0x0000000100000000)
  eden space 120832K, 0% used [0x00000000eab00000,0x00000000eab00000,0x00000000f2100000)
  from space 8704K, 0% used [0x00000000f2e80000,0x00000000f2e80000,0x00000000f3700000)
  to   space 11264K, 0% used [0x00000000f2100000,0x00000000f2100000,0x00000000f2c00000)
 ParOldGen       total 70144K, used 18328K [0x00000000c0000000, 0x00000000c4480000, 0x00000000eab00000)
  object space 70144K, 26% used [0x00000000c0000000,0x00000000c11e6068,0x00000000c4480000)
 Metaspace       used 34567K, capacity 35248K, committed 35496K, reserved 1079296K
  class space    used 4599K, capacity 4758K, committed 4776K, reserved 1048576K
}
Event: 43.077 GC heap before
{Heap before GC invocations=15 (full 2):
 PSYoungGen      total 129536K, used 120832K [0x00000000eab00000, 0x00000000f3700000, 0x0000000100000000)
  eden space 120832K, 100% used [0x00000000eab00000,0x00000000f2100000,0x00000000f2100000)
  from space 8704K, 0% used [0x00000000f2e80000,0x00000000f2e80000,0x00000000f3700000)
  to   space 11264K, 0% used [0x00000000f2100000,0x00000000f2100000,0x00000000f2c00000)
 ParOldGen       total 70144K, used 18328K [0x00000000c0000000, 0x00000000c4480000, 0x00000000eab00000)
  object space 70144K, 26% used [0x00000000c0000000,0x00000000c11e6068,0x00000000c4480000)
 Metaspace       used 41734K, capacity 42612K, committed 42920K, reserved 1087488K
  class space    used 5563K, capacity 5728K, committed 5800K, reserved 1048576K
Event: 43.104 GC heap after
Heap after GC invocations=15 (full 2):
 PSYoungGen      total 132096K, used 11241K [0x00000000eab00000, 0x00000000f6700000, 0x0000000100000000)
  eden space 120832K, 0% used [0x00000000eab00000,0x00000000eab00000,0x00000000f2100000)
  from space 11264K, 99% used [0x00000000f2100000,0x00000000f2bfa768,0x00000000f2c00000)
  to   space 13824K, 0% used [0x00000000f5980000,0x00000000f5980000,0x00000000f6700000)
 ParOldGen       total 70144K, used 19823K [0x00000000c0000000, 0x00000000c4480000, 0x00000000eab00000)
  object space 70144K, 28% used [0x00000000c0000000,0x00000000c135bd50,0x00000000c4480000)
 Metaspace       used 41734K, capacity 42612K, committed 42920K, reserved 1087488K
  class space    used 5563K, capacity 5728K, committed 5800K, reserved 1048576K
}
Event: 45.971 GC heap before
{Heap before GC invocations=16 (full 2):
 PSYoungGen      total 132096K, used 132073K [0x00000000eab00000, 0x00000000f6700000, 0x0000000100000000)
  eden space 120832K, 100% used [0x00000000eab00000,0x00000000f2100000,0x00000000f2100000)
  from space 11264K, 99% used [0x00000000f2100000,0x00000000f2bfa768,0x00000000f2c00000)
  to   space 13824K, 0% used [0x00000000f5980000,0x00000000f5980000,0x00000000f6700000)
 ParOldGen       total 70144K, used 19823K [0x00000000c0000000, 0x00000000c4480000, 0x00000000eab00000)
  object space 70144K, 28% used [0x00000000c0000000,0x00000000c135bd50,0x00000000c4480000)
 Metaspace       used 45532K, capacity 46410K, committed 46632K, reserved 1089536K
  class space    used 6159K, capacity 6377K, committed 6440K, reserved 1048576K
Event: 46.025 GC heap after
Heap after GC invocations=16 (full 2):
 PSYoungGen      total 177152K, used 11952K [0x00000000eab00000, 0x00000000f6e80000, 0x0000000100000000)
  eden space 163328K, 0% used [0x00000000eab00000,0x00000000eab00000,0x00000000f4a80000)
  from space 13824K, 86% used [0x00000000f5980000,0x00000000f652c130,0x00000000f6700000)
  to   space 15360K, 0% used [0x00000000f4a80000,0x00000000f4a80000,0x00000000f5980000)
 ParOldGen       total 70144K, used 27906K [0x00000000c0000000, 0x00000000c4480000, 0x00000000eab00000)
  object space 70144K, 39% used [0x00000000c0000000,0x00000000c1b40af8,0x00000000c4480000)
 Metaspace       used 45532K, capacity 46410K, committed 46632K, reserved 1089536K
  class space    used 6159K, capacity 6377K, committed 6440K, reserved 1048576K
}
Event: 47.824 GC heap before
{Heap before GC invocations=17 (full 2):
 PSYoungGen      total 177152K, used 125833K [0x00000000eab00000, 0x00000000f6e80000, 0x0000000100000000)
  eden space 163328K, 69% used [0x00000000eab00000,0x00000000f1a36678,0x00000000f4a80000)
  from space 13824K, 86% used [0x00000000f5980000,0x00000000f652c130,0x00000000f6700000)
  to   space 15360K, 0% used [0x00000000f4a80000,0x00000000f4a80000,0x00000000f5980000)
 ParOldGen       total 70144K, used 27906K [0x00000000c0000000, 0x00000000c4480000, 0x00000000eab00000)
  object space 70144K, 39% used [0x00000000c0000000,0x00000000c1b40af8,0x00000000c4480000)
 Metaspace       used 48684K, capacity 50166K, committed 50344K, reserved 1093632K
  class space    used 6666K, capacity 7046K, committed 7080K, reserved 1048576K
Event: 47.845 GC heap after
Heap after GC invocations=17 (full 2):
 PSYoungGen      total 178688K, used 11335K [0x00000000eab00000, 0x00000000f7080000, 0x0000000100000000)
  eden space 163328K, 0% used [0x00000000eab00000,0x00000000eab00000,0x00000000f4a80000)
  from space 15360K, 73% used [0x00000000f4a80000,0x00000000f5591e30,0x00000000f5980000)
  to   space 16384K, 0% used [0x00000000f6080000,0x00000000f6080000,0x00000000f7080000)
 ParOldGen       total 70144K, used 37496K [0x00000000c0000000, 0x00000000c4480000, 0x00000000eab00000)
  object space 70144K, 53% used [0x00000000c0000000,0x00000000c249e3b8,0x00000000c4480000)
 Metaspace       used 48684K, capacity 50166K, committed 50344K, reserved 1093632K
  class space    used 6666K, capacity 7046K, committed 7080K, reserved 1048576K
}
Event: 47.845 GC heap before
{Heap before GC invocations=18 (full 3):
 PSYoungGen      total 178688K, used 11335K [0x00000000eab00000, 0x00000000f7080000, 0x0000000100000000)
  eden space 163328K, 0% used [0x00000000eab00000,0x00000000eab00000,0x00000000f4a80000)
  from space 15360K, 73% used [0x00000000f4a80000,0x00000000f5591e30,0x00000000f5980000)
  to   space 16384K, 0% used [0x00000000f6080000,0x00000000f6080000,0x00000000f7080000)
 ParOldGen       total 70144K, used 37496K [0x00000000c0000000, 0x00000000c4480000, 0x00000000eab00000)
  object space 70144K, 53% used [0x00000000c0000000,0x00000000c249e3b8,0x00000000c4480000)
 Metaspace       used 48684K, capacity 50166K, committed 50344K, reserved 1093632K
  class space    used 6666K, capacity 7046K, committed 7080K, reserved 1048576K
Event: 48.164 GC heap after
Heap after GC invocations=18 (full 3):
 PSYoungGen      total 178688K, used 0K [0x00000000eab00000, 0x00000000f7080000, 0x0000000100000000)
  eden space 163328K, 0% used [0x00000000eab00000,0x00000000eab00000,0x00000000f4a80000)
  from space 15360K, 0% used [0x00000000f4a80000,0x00000000f4a80000,0x00000000f5980000)
  to   space 16384K, 0% used [0x00000000f6080000,0x00000000f6080000,0x00000000f7080000)
 ParOldGen       total 70144K, used 43165K [0x00000000c0000000, 0x00000000c4480000, 0x00000000eab00000)
  object space 70144K, 61% used [0x00000000c0000000,0x00000000c2a27638,0x00000000c4480000)
 Metaspace       used 48684K, capacity 50166K, committed 50344K, reserved 1093632K
  class space    used 6666K, capacity 7046K, committed 7080K, reserved 1048576K
}

